[discordbotturkish.cf/index.html]
[cdn.discordapp.com/avatars/371283127366057985/59e36493f6737a3c1f4f3f14d83869d5bd5f.png]
[backblue.gif]
[fade.gif]
[index.html]
[bootswatch.com/4/cyborg/bootstrap.min.css]
[use.fontawesome.com/releases/v5.3.1/css/all.css]
[code.jquery.com/jquery-1.12.4.min.js]
[ajax.googleapis.com/ajax/libs/jquery/1.12.4/jquery.min.js]
[cdn.datatables.net/v/bs4/dt-1.10.16/cr-1.4.1/r-2.2.0/datatables.min.js]
[cdnjs.cloudflare.com/ajax/libs/popper.js/1.11.0/umd/popper.min.js]
[maxcdn.bootstrapcdn.com/bootstrap/4.0.0-beta/js/bootstrap.min.js]
[cdnjs.cloudflare.com/ajax/libs/moment.js/2.19.1/moment.min.js]
[maxcdn.bootstrapcdn.com/bootstrap/3.3.7/js/bootstrap.min.js]
[discordbotturkish.cf/css/genel.css]
[discordbotturkish.cf/botlar.html]
[discordbotturkish.cf/api.html]
[discordbotturkish.cf/sertifika.html]
[discordbotturkish.cf/hakkimizda.html]
[discordbotturkish.cf/bot/482855531220959242.html]
[cdn.discordapp.com/avatars/482855531220959242/5e3b8cd97b544dfe1e815b4d959ef664.png]
[i.hizliresim.com/MVAdMQ.png]
[discordbotturkish.cf/bot/402153479164002305.html]
[cdn.discordapp.com/avatars/402153479164002305/cbd99de31e0373e54cafad749954c812.png]
[discordbotturkish.cf/bot/477169420696027148.html]
[cdn.discordapp.com/avatars/477169420696027148/2c9b27ede507dac4e7ced38d16d185ca.png]
[discordbotturkish.cf/bot/406430847311413258.html]
[cdn.discordapp.com/avatars/406430847311413258/5f1acdd3e1f49f443149e892a53faeee.png]
[discordbotturkish.cf/bot/511970030502805521.html]
[cdn.discordapp.com/avatars/511970030502805521/fb316172d8152141772026d8c89bc5c9.png]
[discordbotturkish.cf/bot/548997406478434329.html]
[cdn.discordapp.com/avatars/548997406478434329/1b598fc8dc0146ae390f5efd9854c6d1.png]
[discordbotturkish.cf/bot/531088928778747924.html]
[cdn.discordapp.com/avatars/531088928778747924/95d66cff6714e0dd05340cad5757002c.png]
[discordbotturkish.cf/bot/487742697831006208.html]
[discordbotturkish.cf/bot/500297618505859072.html]
[cdn.discordapp.com/avatars/500297618505859072/7b98728b9d9000f707f6263f22767aae.png]
[discordbotturkish.cf/bot/527858318786691092.html]
[cdn.discordapp.com/avatars/527858318786691092/c226c0ebff2bcbb41d117ea69fb96659.png]
[cdn.discordapp.com/avatars/534695914313351178/5433d034bf2f79018b4a8762d0671d79.png]
[discordbotturkish.cf/bot/545197688711544833.html]
[cdn.discordapp.com/avatars/545197688711544833/470b36d4cbd39e1de07ab6f1f42ca89f.png]
[discordbotturkish.cf/bot/481114063921741844.html]
[cdn.discordapp.com/avatars/481114063921741844/e6828619038623d11ff6c81d1a897690.png]
[discordbotturkish.cf/bot/533318308926324748.html]
[discordbotturkish.cf/bot/481025537922301953.html]
[cdn.discordapp.com/avatars/481025537922301953/ea44e2eb199b1b8a93822d340dbe5608.png]
[discordbotturkish.cf/bot/498119796097941505.html]
[cdn.discordapp.com/avatars/498119796097941505/0da19645cd62a70717838da38efae712.png]
[discordbotturkish.cf/bot/543803002058702879.html]
[cdn.discordapp.com/avatars/543803002058702879/1a4d9244c0153897912227dfd826197f.png]
[discordbotturkish.cf/bot/471734938173964318.html]
[cdn.discordapp.com/avatars/471734938173964318/24f4ecca0fc565dde86e576e639c8ff6.png]
[discordbotturkish.cf/bot/510116538192363520.html]
[discordbotturkish.cf/bot/551399094741106709.html]
[discordbotturkish.cf/bot/516162587847688192.html]
[discordbotturkish.cf/bot/542426952263532544.html]
[cdn.discordapp.com/avatars/563866305401454593/47c6a6cc1618159fe376523f1f4febe8.png]
[discordbotturkish.cf/bot/551384890906771456.html]
[cdn.discordapp.com/avatars/551384890906771456/f9743b7911c6179754a8e92abf4e8821.png]
[discordbotturkish.cf/bot/538067488739426349.html]
[discordbotturkish.cf/bot/547037683109855243.html]
[cdn.discordapp.com/avatars/548151500124323860/ce463ee572540047c4f94eb43c59323b.png]
[discordbotturkish.cf/bot/550607317247328267.html]
[cdn.discordapp.com/avatars/550607317247328267/55069d7ed539c478f4d07ad71ad0ff30.png]
[discordbotturkish.cf/bot/545284192192167938.html]
[cdn.discordapp.com/avatars/545284192192167938/165fbc2ec2e61c72360b87cbe2d6ae40.png]
[discordbotturkish.cf/bot/540109532341469184.html]
[cdn.discordapp.com/avatars/540109532341469184/159400414e268d39586dc466e4c3daa8.png]
[discordbotturkish.cf/bot/539476132257464331.html]
[discordbotturkish.cf/bot/514867047692238880.html]
[cdn.discordapp.com/avatars/514867047692238880/0e1afb6a483c0ef684940ad9742e0f08.png]
[discordbotturkish.cf/bot/547890383149989889.html]
[cdn.discordapp.com/avatars/547890383149989889/d27bffc5a59647c3a84a68cb4803b4f9.png]
[discordbotturkish.cf/index.html]
[bootswatch.com/4/cyborg/bootstrap.min.css]
[use.fontawesome.com/releases/v5.3.1/css/all.css]
[unpkg.com/tippy.js@2.6.0/dist/tippy.all.min.js]
[discordbotturkish.cf/css/searchicon.png]
[discordbotturkish.cf/css/genel.css]
[discordbotturkish.cf/botlar.html]
[discordbotturkish.cf/api/botlar/402153479164002305.json]
[discordbotturkish.cf/api/botlar/402153479164002305/oylar/276829048943149057.json]
[discordbotturkish.cf/api.html]
[discordbotturkish.cf/sertifika.html]
[cdn.discordapp.com/avatars/336895300528766976/a_5621c74fd1b02938013faa5de2e0d12ef7bd.gif]
[cdn.discordapp.com/avatars/276829048943149057/a_f70db323598db2fe3f143da6aad4b070.gif]
[discordbotturkish.cf/hakkimizda.html]
[discordbotturkish.cf/kullanici/469032191775473685.html]
[cdn2.iconfinder.com/data/icons/rewards-1/512/medal-512.png]
[discordbotturkish.cf/bot/482855531220959242.html]
[discordbotturkish.cf/kullanici/276829048943149057.html]
[discordbotturkish.cf/bot/402153479164002305.html]
[discordbotturkish.cf/bot/477169420696027148.html]
[discordbotturkish.cf/kullanici/336895300528766976.html]
[discordbotturkish.cf/bot/406430847311413258.html]
[discordbotturkish.cf/kullanici/463419656661762048.html]
[discordbotturkish.cf/bot/511970030502805521.html]
[discordbotturkish.cf/kullanici/543484171524505613.html]
[discordbotturkish.cf/bot/548997406478434329.html]
[discordbotturkish.cf/kullanici/315129141559033856.html]
[discordbotturkish.cf/bot/531088928778747924.html]
[discordbotturkish.cf/kullanici/407696607405146123.html]
[discordbotturkish.cf/bot/487742697831006208.html]
[cdn.discordapp.com/avatars/487742697831006208/689ba0e815b03482cc0774f625c4e527.html]
[discordbotturkish.cf/kullanici/487252469341224970.html]
[discordbotturkish.cf/bot/500297618505859072.html]
[discordbotturkish.cf/bot/527858318786691092.html]
[discordbotturkish.cf/kullanici/525367537286774785.html]
[discordbotturkish.cf/bot/545197688711544833.html]
[discordbotturkish.cf/kullanici/472010115411738624.html]
[discordbotturkish.cf/bot/481114063921741844.html]
[discordbotturkish.cf/kullanici/439438055380746249.html]
[discordbotturkish.cf/bot/533318308926324748.html]
[cdn.discordapp.com/avatars/533318308926324748/c1b68f2e8cf3c2cb052a5a6452c60873.html]
[discordbotturkish.cf/kullanici/416638032087613440.html]
[discordbotturkish.cf/bot/481025537922301953.html]
[discordbotturkish.cf/kullanici/391666724321230879.html]
[discordbotturkish.cf/bot/498119796097941505.html]
[discordbotturkish.cf/kullanici/510913097498624001.html]
[discordbotturkish.cf/bot/543803002058702879.html]
[discordbotturkish.cf/kullanici/334327871084691458.html]
[discordbotturkish.cf/bot/471734938173964318.html]
[discordbotturkish.cf/kullanici/409238673528324097.html]
[discordbotturkish.cf/bot/510116538192363520.html]
[cdn.discordapp.com/avatars/510116538192363520/2760f4a9cb640351d846ea63bfc71bc8.html]
[discordbotturkish.cf/kullanici/552949260543459338.html]
[wallpapertag.com/wallpaper/full/c/2/8/197864-best-geometric-backgrounds-1920x1080.jpg]
[discordbotturkish.cf/bot/551399094741106709.html]
[cdn.discordapp.com/avatars/551399094741106709/9d5d3dbd8ea03cb016ca454f5b52e5ed.html]
[discordbotturkish.cf/kullanici/513738002183356425.html]
[discordbotturkish.cf/bot/516162587847688192.html]
[cdn.discordapp.com/avatars/516162587847688192/db4b55d80887a6e3cf9153d257939832.html]
[cdn.discordapp.com/avatars/544171367977713706/331b6f243c02695f81be7555d9455cef.html]
[discordbotturkish.cf/kullanici/488032642974089216.html]
[discordbotturkish.cf/bot/542426952263532544.html]
[cdn.discordapp.com/avatars/542426952263532544/a5212e5e955a2aa3b9562ce615cd17a7.html]
[discordbotturkish.cf/kullanici/460952251289042954.html]
[discordbotturkish.cf/bot/551384890906771456.html]
[discordbotturkish.cf/kullanici/538049764592320543.html]
[discordbotturkish.cf/bot/538067488739426349.html]
[cdn.discordapp.com/avatars/538067488739426349/6b7f17ca902cf19c0ccaa7356fed58ce.html]
[discordbotturkish.cf/kullanici/451988054065020958.html]
[discordbotturkish.cf/bot/547037683109855243.html]
[cdn.discordapp.com/avatars/547037683109855243/793f297f9101b2b4af3222fbacc704b8.html]
[discordbotturkish.cf/kullanici/293672088143659008.html]
[discordbotturkish.cf/bot/550607317247328267.html]
[discordbotturkish.cf/kullanici/419840467929137168.html]
[discordbotturkish.cf/bot/545284192192167938.html]
[discordbotturkish.cf/kullanici/480338952591638528.html]
[discordbotturkish.cf/bot/540109532341469184.html]
[discordbotturkish.cf/kullanici/410865885117415424.html]
[discordbotturkish.cf/bot/539476132257464331.html]
[cdn.discordapp.com/avatars/539476132257464331/d0865ffc454a719e6b18e971c3d59552.html]
[discordbotturkish.cf/kullanici/494892003818209281.html]
[discordbotturkish.cf/bot/514867047692238880.html]
[discordbotturkish.cf/kullanici/535822696425193492.html]
[discordbotturkish.cf/bot/547890383149989889.html]
[discordbotturkish.cf/css/searchicon.html]
[cdn.discordapp.com/avatars/469032191775473685/a_28f8ad5e2b1168997f03a172527abaa15168.png]
[discordbotturkish.cf/kullanici/469032191775473685.html]
[cdn.discordapp.com/avatars/276829048943149057/a_f70db323598db2fe3f143da6aad4b0705168.png]
[discordbotturkish.cf/kullanici/276829048943149057.html]
[cdn.discordapp.com/avatars/336895300528766976/a_5621c74fd1b02938013faa5de2e0d12e5168.png]
[discordbotturkish.cf/kullanici/336895300528766976.html]
[cdn.discordapp.com/avatars/463419656661762048/58969f8ea65da0ac322d0712b646f7e75168.png]
[discordbotturkish.cf/kullanici/463419656661762048.html]
[cdn.discordapp.com/avatars/543484171524505613/fd6a38fb979ae5ead2594e2f7a8f67df5168.png]
[discordbotturkish.cf/kullanici/543484171524505613.html]
[cdn.discordapp.com/avatars/315129141559033856/ebcefe462951b2195b37adf12aeef7825168.png]
[discordbotturkish.cf/kullanici/315129141559033856.html]
[cdn.discordapp.com/avatars/407696607405146123/c763ae3cef13df1d29671c1d404a8f425168.png]
[discordbotturkish.cf/kullanici/407696607405146123.html]
[cdn.discordapp.com/avatars/487252469341224970/bec64b8dc137413972a2465f6478ced95168.png]
[discordbotturkish.cf/kullanici/487252469341224970.html]
[cdn.discordapp.com/avatars/525367537286774785/67de85f6eb0e1a07dfc258323b4988a35168.png]
[discordbotturkish.cf/kullanici/525367537286774785.html]
[cdn.discordapp.com/avatars/472010115411738624/c91e2bad8f2b62074f33ed448ff64ff95168.png]
[discordbotturkish.cf/kullanici/472010115411738624.html]
[cdn.discordapp.com/avatars/439438055380746249/4cceb74dd3a78ee2efb5395229a085725168.png]
[discordbotturkish.cf/kullanici/439438055380746249.html]
[cdn.discordapp.com/avatars/416638032087613440/7d90a957c6e7a183d9f2cdf5fb88d0325168.png]
[discordbotturkish.cf/kullanici/416638032087613440.html]
[cdn.discordapp.com/avatars/391666724321230879/61aa4fcae9e94c5e79b8ce7cbff822225168.png]
[discordbotturkish.cf/kullanici/391666724321230879.html]
[cdn.discordapp.com/avatars/510913097498624001/8cb12f5329523afcae487a3966e4af155168.png]
[discordbotturkish.cf/kullanici/510913097498624001.html]
[cdn.discordapp.com/avatars/334327871084691458/f38f44da8433249b1cb8b802a8c8f9095168.png]
[discordbotturkish.cf/kullanici/334327871084691458.html]
[cdn.discordapp.com/avatars/409238673528324097/727813ab1b5a55ed290401464d45be365168.png]
[discordbotturkish.cf/kullanici/409238673528324097.html]
[cdn.discordapp.com/avatars/552949260543459338/da3336cb40a30af485fa282d851de42b5168.png]
[discordbotturkish.cf/kullanici/552949260543459338.html]
[cdn.discordapp.com/avatars/513738002183356425/59d118818c8af0aace9046be65849fd85168.png]
[discordbotturkish.cf/kullanici/513738002183356425.html]
[cdn.discordapp.com/avatars/488032642974089216/ff38875940aaec951800d9e413850e395168.png]
[discordbotturkish.cf/kullanici/488032642974089216.html]
[cdn.discordapp.com/avatars/460952251289042954/2a0b5cb5aee3f2372886977ddce4fcce5168.png]
[discordbotturkish.cf/kullanici/460952251289042954.html]
[cdn.discordapp.com/avatars/538049764592320543/c62c55fefb361da9492e02ca7949fb2f5168.png]
[discordbotturkish.cf/kullanici/538049764592320543.html]
[cdn.discordapp.com/avatars/451988054065020958/57d5fd4c621e97777aa3c5af0219e3055168.png]
[discordbotturkish.cf/kullanici/451988054065020958.html]
[cdn.discordapp.com/avatars/293672088143659008/17ee6e46a87dfe8c9ba8ddeee21e72c45168.png]
[discordbotturkish.cf/kullanici/293672088143659008.html]
[cdn.discordapp.com/avatars/419840467929137168/221d5408559168dbe9ad66bac093da015168.png]
[discordbotturkish.cf/kullanici/419840467929137168.html]
[cdn.discordapp.com/avatars/480338952591638528/bd4d3afe69141ca749365f6e6693f9d35168.png]
[discordbotturkish.cf/kullanici/480338952591638528.html]
[cdn.discordapp.com/avatars/410865885117415424/3331d377cc2152d30c9e0246ede9da555168.png]
[discordbotturkish.cf/kullanici/410865885117415424.html]
[cdn.discordapp.com/avatars/494892003818209281/2e82b234968067dd892986e7a3d28c1d5168.png]
[discordbotturkish.cf/kullanici/494892003818209281.html]
[cdn.discordapp.com/avatars/535822696425193492/d92c6e5b4200c2ba5519202a9aff67355168.png]
[discordbotturkish.cf/kullanici/535822696425193492.html]
[discordbotturkish.cf/bot/534695914313351178.html]
[discordbotturkish.cf/bot/544171367977713706.html]
[discordbotturkish.cf/bot/563866305401454593.html]
[discordbotturkish.cf/bot/548151500124323860.html]
[discordbotturkish.cf/kullanici/469032191775473685/profil.html]
[discordbotturkish.cf/kullanici/276829048943149057/profil.html]
[discordbotturkish.cf/kullanici/336895300528766976/profil.html]
[discordbotturkish.cf/kullanici/463419656661762048/profil.html]
[discordbotturkish.cf/kullanici/543484171524505613/profil.html]
[discordbotturkish.cf/kullanici/315129141559033856/profil.html]
[discordbotturkish.cf/kullanici/407696607405146123/profil.html]
[discordbotturkish.cf/kullanici/487252469341224970/profil.html]
[discordbotturkish.cf/kullanici/525367537286774785/profil.html]
[discordbotturkish.cf/kullanici/472010115411738624/profil.html]
[discordbotturkish.cf/kullanici/439438055380746249/profil.html]
[discordbotturkish.cf/kullanici/416638032087613440/profil.html]
[discordbotturkish.cf/kullanici/391666724321230879/profil.html]
[discordbotturkish.cf/kullanici/510913097498624001/profil.html]
[discordbotturkish.cf/kullanici/334327871084691458/profil.html]
[discordbotturkish.cf/kullanici/409238673528324097/profil.html]
[discordbotturkish.cf/kullanici/552949260543459338/profil.html]
[discordbotturkish.cf/kullanici/513738002183356425/profil.html]
[discordbotturkish.cf/kullanici/488032642974089216/profil.html]
[discordbotturkish.cf/kullanici/460952251289042954/profil.html]
[discordbotturkish.cf/kullanici/538049764592320543/profil.html]
[discordbotturkish.cf/kullanici/451988054065020958/profil.html]
[discordbotturkish.cf/kullanici/293672088143659008/profil.html]
[discordbotturkish.cf/kullanici/419840467929137168/profil.html]
[discordbotturkish.cf/kullanici/480338952591638528/profil.html]
[discordbotturkish.cf/kullanici/410865885117415424/profil.html]
[discordbotturkish.cf/kullanici/494892003818209281/profil.html]
[discordbotturkish.cf/kullanici/535822696425193492/profil.html]
